<?xml version="1.0" encoding="UTF-8"?>
<!-- Generated by org.testng.reporters.JUnitReportReporter -->
<testsuite hostname="LAPTOP-K8RE9END" failures="0" tests="4" name="com.orangehrm.test.Login" time="22.829" errors="0" timestamp="2024-12-08T21:24:54 IST" skipped="0">
  <testcase classname="com.orangehrm.test.Login" name="loginWithInvalidUsername" time="5.193"/>
  <system-out/>
  <testcase classname="com.orangehrm.test.Login" name="loginWithCorrectCreds" time="5.086"/>
  <system-out/>
  <testcase classname="com.orangehrm.test.Login" name="loginWithInvalidCreds" time="4.816"/>
  <system-out/>
  <testcase classname="com.orangehrm.test.Login" name="loginWithInvalidPassword" time="7.734"/>
  <system-out/>
</testsuite> <!-- com.orangehrm.test.Login -->
