<?xml version="1.0" encoding="UTF-8"?>
<!-- Generated by org.testng.reporters.JUnitReportReporter -->
<testsuite hostname="LAPTOP-K8RE9END" failures="0" tests="1" name="com.orangehrm.test.Login" time="2.640" errors="0" timestamp="2024-12-08T13:26:53 IST" skipped="0">
  <testcase classname="com.orangehrm.test.Login" name="login" time="2.640"/>
  <system-out/>
</testsuite> <!-- com.orangehrm.test.Login -->
